0 info it worked if it ends with ok
1 verbose cli [ '/usr/local/bin/node', '/usr/local/bin/npm', 'publish' ]
2 info using npm@2.11.3
3 info using node@v0.12.7
4 verbose publish [ '.' ]
5 silly cache add args [ '.', null ]
6 verbose cache add spec .
7 silly cache add parsed spec { raw: '.',
7 silly cache add   scope: null,
7 silly cache add   name: null,
7 silly cache add   rawSpec: '.',
7 silly cache add   spec: '/home/blackjak/Escritorio/easyLogger',
7 silly cache add   type: 'directory' }
8 verbose addLocalDirectory /home/blackjak/.npm/easy-logger/0.1.0/package.tgz not in flight; packing
9 verbose tar pack [ '/home/blackjak/.npm/easy-logger/0.1.0/package.tgz',
9 verbose tar pack   '/home/blackjak/Escritorio/easyLogger' ]
10 verbose tarball /home/blackjak/.npm/easy-logger/0.1.0/package.tgz
11 verbose folder /home/blackjak/Escritorio/easyLogger
12 info prepublish easy-logger@0.1.0
13 verbose addLocalTarball adding from inside cache /home/blackjak/.npm/easy-logger/0.1.0/package.tgz
14 silly cache afterAdd easy-logger@0.1.0
15 verbose afterAdd /home/blackjak/.npm/easy-logger/0.1.0/package/package.json not in flight; writing
16 verbose afterAdd /home/blackjak/.npm/easy-logger/0.1.0/package/package.json written
17 silly publish { name: 'easy-logger',
17 silly publish   version: '0.1.0',
17 silly publish   description: 'A node module that helps you to log customized output messages and save the outputs in files.',
17 silly publish   main: 'index',
17 silly publish   dependencies: { colors: '^1.1.2' },
17 silly publish   devDependencies: {},
17 silly publish   scripts:
17 silly publish    { start: 'node index',
17 silly publish      test: 'echo \'Error: no test specified\' && exit 1' },
17 silly publish   repository:
17 silly publish    { type: 'git',
17 silly publish      url: 'https://github.com/AugustoL/easyLogger.git' },
17 silly publish   keywords: [ 'Logger', 'Messages', 'Output' ],
17 silly publish   author:
17 silly publish    { name: 'Augusto Lemble',
17 silly publish      email: 'npm@augustolemble.com',
17 silly publish      url: 'http://augustolemble.com' },
17 silly publish   license: 'MIT',
17 silly publish   bugs: { url: 'https://github.com/AugustoL/easyLogger/issues' },
17 silly publish   homepage: 'https://github.com/AugustoL/easyLogger',
17 silly publish   directories: { test: 'test' },
17 silly publish   readme: '# easyLogger\nA node module that helps you to log customized output messages and save the outputs in files.\n',
17 silly publish   readmeFilename: 'README.md',
17 silly publish   gitHead: 'a2b4d60354fdd43e9fe8322d95c0f225232a8d5d',
17 silly publish   _id: 'easy-logger@0.1.0',
17 silly publish   _shasum: '2b62146c670019c74dd6a3216cc14ac7839428a9',
17 silly publish   _from: '.' }
18 verbose getPublishConfig undefined
19 silly mapToRegistry name easy-logger
20 silly mapToRegistry using default registry
21 silly mapToRegistry registry https://registry.npmjs.org/
22 silly mapToRegistry uri https://registry.npmjs.org/easy-logger
23 verbose publish registryBase https://registry.npmjs.org/
24 silly publish uploading /home/blackjak/.npm/easy-logger/0.1.0/package.tgz
25 verbose request uri https://registry.npmjs.org/easy-logger
26 verbose request sending authorization for write operation
27 info attempt registry request try #1 at 20:01:50
28 verbose request using bearer token for auth
29 verbose request id 28e9ff5172b306c0
30 http request PUT https://registry.npmjs.org/easy-logger
31 http 403 https://registry.npmjs.org/easy-logger
32 verbose headers { 'content-type': 'application/json',
32 verbose headers   'cache-control': 'max-age=60',
32 verbose headers   'content-length': '103',
32 verbose headers   'accept-ranges': 'bytes',
32 verbose headers   date: 'Wed, 28 Oct 2015 23:01:50 GMT',
32 verbose headers   via: '1.1 varnish',
32 verbose headers   connection: 'keep-alive',
32 verbose headers   'x-served-by': 'cache-iad2144-IAD',
32 verbose headers   'x-cache': 'MISS',
32 verbose headers   'x-cache-hits': '0',
32 verbose headers   'x-timer': 'S1446073309.676248,VS0,VE503' }
33 verbose request invalidating /home/blackjak/.npm/registry.npmjs.org/easy-logger on PUT
34 error publish Failed PUT 403
35 verbose stack Error: You do not have permission to publish 'easy-logger'. Are you logged in as the correct user? : easy-logger
35 verbose stack     at CachingRegistryClient.<anonymous> (/usr/local/lib/node_modules/npm/node_modules/npm-registry-client/lib/request.js:247:14)
35 verbose stack     at Request._callback (/usr/local/lib/node_modules/npm/node_modules/npm-registry-client/lib/request.js:170:14)
35 verbose stack     at Request.self.callback (/usr/local/lib/node_modules/npm/node_modules/request/request.js:354:22)
35 verbose stack     at Request.emit (events.js:110:17)
35 verbose stack     at Request.<anonymous> (/usr/local/lib/node_modules/npm/node_modules/request/request.js:1207:14)
35 verbose stack     at Request.emit (events.js:129:20)
35 verbose stack     at IncomingMessage.<anonymous> (/usr/local/lib/node_modules/npm/node_modules/request/request.js:1153:12)
35 verbose stack     at IncomingMessage.emit (events.js:129:20)
35 verbose stack     at _stream_readable.js:908:16
35 verbose stack     at process._tickCallback (node.js:355:11)
36 verbose statusCode 403
37 verbose pkgid easy-logger
38 verbose cwd /home/blackjak/Escritorio/easyLogger
39 error Linux 3.16.0-38-generic
40 error argv "/usr/local/bin/node" "/usr/local/bin/npm" "publish"
41 error node v0.12.7
42 error npm  v2.11.3
43 error code E403
44 error You do not have permission to publish 'easy-logger'. Are you logged in as the correct user? : easy-logger
45 error If you need help, you may report this error at:
45 error     <https://github.com/npm/npm/issues>
46 verbose exit [ 1, true ]
